<?xml version="1.0" encoding="UTF-8"?>
<testsuite xmlns:xsi="http://www.w3.org/2001/XMLSchema-instance" xsi:noNamespaceSchemaLocation="https://maven.apache.org/surefire/maven-surefire-plugin/xsd/surefire-test-report-3.0.xsd" version="3.0" name="com.model.UserTest" time="0.575" tests="135" errors="0" skipped="0" failures="0">
  <properties>
    <property name="java.specification.version" value="24"/>
    <property name="sun.cpu.isalist" value="amd64"/>
    <property name="sun.jnu.encoding" value="Cp1252"/>
    <property name="java.class.path" value="C:\Users\ssj4d\fireballwizardapp\target\test-classes;C:\Users\ssj4d\.m2\repository\junit\junit\4.13.2\junit-4.13.2.jar;C:\Users\ssj4d\.m2\repository\org\hamcrest\hamcrest-core\1.3\hamcrest-core-1.3.jar;C:\Users\ssj4d\.m2\repository\org\hamcrest\hamcrest\2.2\hamcrest-2.2.jar;C:\Users\ssj4d\.m2\repository\com\io7m\xom\xom\1.2.10\xom-1.2.10.jar;C:\Users\ssj4d\.m2\repository\xml-apis\xml-apis\1.3.03\xml-apis-1.3.03.jar;C:\Users\ssj4d\.m2\repository\xerces\xercesImpl\2.8.0\xercesImpl-2.8.0.jar;C:\Users\ssj4d\.m2\repository\xalan\xalan\2.7.0\xalan-2.7.0.jar;C:\Users\ssj4d\.m2\repository\org\openjfx\javafx-controls\13\javafx-controls-13.jar;C:\Users\ssj4d\.m2\repository\org\openjfx\javafx-graphics\13\javafx-graphics-13.jar;C:\Users\ssj4d\.m2\repository\org\openjfx\javafx-base\13\javafx-base-13.jar;C:\Users\ssj4d\.m2\repository\org\openjfx\javafx-fxml\13\javafx-fxml-13.jar;C:\Users\ssj4d\.m2\repository\org\apache\avro\avro\1.9.0\avro-1.9.0.jar;C:\Users\ssj4d\.m2\repository\com\fasterxml\jackson\core\jackson-core\2.9.8\jackson-core-2.9.8.jar;C:\Users\ssj4d\.m2\repository\com\fasterxml\jackson\core\jackson-databind\2.9.8\jackson-databind-2.9.8.jar;C:\Users\ssj4d\.m2\repository\com\fasterxml\jackson\core\jackson-annotations\2.9.0\jackson-annotations-2.9.0.jar;C:\Users\ssj4d\.m2\repository\org\apache\commons\commons-compress\1.18\commons-compress-1.18.jar;C:\Users\ssj4d\.m2\repository\org\slf4j\slf4j-api\1.7.25\slf4j-api-1.7.25.jar;C:\Users\ssj4d\.m2\repository\org\testng\testng\7.7.0\testng-7.7.0.jar;C:\Users\ssj4d\.m2\repository\com\beust\jcommander\1.82\jcommander-1.82.jar;C:\Users\ssj4d\.m2\repository\org\webjars\jquery\3.6.1\jquery-3.6.1.jar;"/>
    <property name="java.vm.vendor" value="Oracle Corporation"/>
    <property name="sun.arch.data.model" value="64"/>
    <property name="user.variant" value=""/>
    <property name="java.vendor.url" value="https://java.oracle.com/"/>
    <property name="user.timezone" value="America/New_York"/>
    <property name="os.name" value="Windows 11"/>
    <property name="java.vm.specification.version" value="24"/>
    <property name="user.country" value="US"/>
    <property name="sun.java.launcher" value="SUN_STANDARD"/>
    <property name="sun.boot.library.path" value="C:\Program Files\Java\jdk-24\bin"/>
    <property name="sun.java.command" value="org.apache.maven.surefire.booter.ForkedBooter C:\Users\ssj4d\AppData\Local\Temp\surefire13607153303639891636 2025-04-02T15-36-39_299-jvmRun1 surefire-20250402153639753_1tmp surefire_0-20250402153639753_2tmp"/>
    <property name="jdk.debug" value="release"/>
    <property name="test" value="com.model.UserTest#testGetLastName"/>
    <property name="surefire.test.class.path" value="C:\Users\ssj4d\fireballwizardapp\target\test-classes;C:\Users\ssj4d\.m2\repository\junit\junit\4.13.2\junit-4.13.2.jar;C:\Users\ssj4d\.m2\repository\org\hamcrest\hamcrest-core\1.3\hamcrest-core-1.3.jar;C:\Users\ssj4d\.m2\repository\org\hamcrest\hamcrest\2.2\hamcrest-2.2.jar;C:\Users\ssj4d\.m2\repository\com\io7m\xom\xom\1.2.10\xom-1.2.10.jar;C:\Users\ssj4d\.m2\repository\xml-apis\xml-apis\1.3.03\xml-apis-1.3.03.jar;C:\Users\ssj4d\.m2\repository\xerces\xercesImpl\2.8.0\xercesImpl-2.8.0.jar;C:\Users\ssj4d\.m2\repository\xalan\xalan\2.7.0\xalan-2.7.0.jar;C:\Users\ssj4d\.m2\repository\org\openjfx\javafx-controls\13\javafx-controls-13.jar;C:\Users\ssj4d\.m2\repository\org\openjfx\javafx-graphics\13\javafx-graphics-13.jar;C:\Users\ssj4d\.m2\repository\org\openjfx\javafx-base\13\javafx-base-13.jar;C:\Users\ssj4d\.m2\repository\org\openjfx\javafx-fxml\13\javafx-fxml-13.jar;C:\Users\ssj4d\.m2\repository\org\apache\avro\avro\1.9.0\avro-1.9.0.jar;C:\Users\ssj4d\.m2\repository\com\fasterxml\jackson\core\jackson-core\2.9.8\jackson-core-2.9.8.jar;C:\Users\ssj4d\.m2\repository\com\fasterxml\jackson\core\jackson-databind\2.9.8\jackson-databind-2.9.8.jar;C:\Users\ssj4d\.m2\repository\com\fasterxml\jackson\core\jackson-annotations\2.9.0\jackson-annotations-2.9.0.jar;C:\Users\ssj4d\.m2\repository\org\apache\commons\commons-compress\1.18\commons-compress-1.18.jar;C:\Users\ssj4d\.m2\repository\org\slf4j\slf4j-api\1.7.25\slf4j-api-1.7.25.jar;C:\Users\ssj4d\.m2\repository\org\testng\testng\7.7.0\testng-7.7.0.jar;C:\Users\ssj4d\.m2\repository\com\beust\jcommander\1.82\jcommander-1.82.jar;C:\Users\ssj4d\.m2\repository\org\webjars\jquery\3.6.1\jquery-3.6.1.jar;"/>
    <property name="sun.cpu.endian" value="little"/>
    <property name="user.home" value="C:\Users\ssj4d"/>
    <property name="user.language" value="en"/>
    <property name="java.specification.vendor" value="Oracle Corporation"/>
    <property name="jdk.module.path" value="C:\Users\ssj4d\fireballwizardapp\target\classes;C:\Users\ssj4d\.m2\repository\com\googlecode\json-simple\json-simple\1.1.1\json-simple-1.1.1.jar;C:\Users\ssj4d\.m2\repository\com\github\JensPiegsa\jfugue\5.0.9\jfugue-5.0.9.jar;C:\Users\ssj4d\.m2\repository\org\openjfx\javafx-controls\13\javafx-controls-13-win.jar;C:\Users\ssj4d\.m2\repository\org\openjfx\javafx-graphics\13\javafx-graphics-13-win.jar;C:\Users\ssj4d\.m2\repository\org\openjfx\javafx-base\13\javafx-base-13-win.jar;C:\Users\ssj4d\.m2\repository\org\openjfx\javafx-fxml\13\javafx-fxml-13-win.jar"/>
    <property name="java.version.date" value="2025-03-18"/>
    <property name="java.home" value="C:\Program Files\Java\jdk-24"/>
    <property name="file.separator" value="\"/>
    <property name="basedir" value="C:\Users\ssj4d\fireballwizardapp"/>
    <property name="java.vm.compressedOopsMode" value="Zero based"/>
    <property name="line.separator" value="&#10;"/>
    <property name="java.vm.specification.vendor" value="Oracle Corporation"/>
    <property name="java.specification.name" value="Java Platform API Specification"/>
    <property name="surefire.real.class.path" value="C:\Users\ssj4d\.m2\repository\org\apache\maven\surefire\surefire-booter\3.2.5\surefire-booter-3.2.5.jar;C:\Users\ssj4d\.m2\repository\org\apache\maven\surefire\surefire-api\3.2.5\surefire-api-3.2.5.jar;C:\Users\ssj4d\.m2\repository\org\apache\maven\surefire\surefire-logger-api\3.2.5\surefire-logger-api-3.2.5.jar;C:\Users\ssj4d\.m2\repository\org\apache\maven\surefire\surefire-shared-utils\3.2.5\surefire-shared-utils-3.2.5.jar;C:\Users\ssj4d\.m2\repository\org\apache\maven\surefire\surefire-extensions-spi\3.2.5\surefire-extensions-spi-3.2.5.jar;C:\Users\ssj4d\fireballwizardapp\target\test-classes;C:\Users\ssj4d\.m2\repository\junit\junit\4.13.2\junit-4.13.2.jar;C:\Users\ssj4d\.m2\repository\org\hamcrest\hamcrest-core\1.3\hamcrest-core-1.3.jar;C:\Users\ssj4d\.m2\repository\org\hamcrest\hamcrest\2.2\hamcrest-2.2.jar;C:\Users\ssj4d\.m2\repository\com\io7m\xom\xom\1.2.10\xom-1.2.10.jar;C:\Users\ssj4d\.m2\repository\xml-apis\xml-apis\1.3.03\xml-apis-1.3.03.jar;C:\Users\ssj4d\.m2\repository\xerces\xercesImpl\2.8.0\xercesImpl-2.8.0.jar;C:\Users\ssj4d\.m2\repository\xalan\xalan\2.7.0\xalan-2.7.0.jar;C:\Users\ssj4d\.m2\repository\org\openjfx\javafx-controls\13\javafx-controls-13.jar;C:\Users\ssj4d\.m2\repository\org\openjfx\javafx-graphics\13\javafx-graphics-13.jar;C:\Users\ssj4d\.m2\repository\org\openjfx\javafx-base\13\javafx-base-13.jar;C:\Users\ssj4d\.m2\repository\org\openjfx\javafx-fxml\13\javafx-fxml-13.jar;C:\Users\ssj4d\.m2\repository\org\apache\avro\avro\1.9.0\avro-1.9.0.jar;C:\Users\ssj4d\.m2\repository\com\fasterxml\jackson\core\jackson-core\2.9.8\jackson-core-2.9.8.jar;C:\Users\ssj4d\.m2\repository\com\fasterxml\jackson\core\jackson-databind\2.9.8\jackson-databind-2.9.8.jar;C:\Users\ssj4d\.m2\repository\com\fasterxml\jackson\core\jackson-annotations\2.9.0\jackson-annotations-2.9.0.jar;C:\Users\ssj4d\.m2\repository\org\apache\commons\commons-compress\1.18\commons-compress-1.18.jar;C:\Users\ssj4d\.m2\repository\org\slf4j\slf4j-api\1.7.25\slf4j-api-1.7.25.jar;C:\Users\ssj4d\.m2\repository\org\testng\testng\7.7.0\testng-7.7.0.jar;C:\Users\ssj4d\.m2\repository\com\beust\jcommander\1.82\jcommander-1.82.jar;C:\Users\ssj4d\.m2\repository\org\webjars\jquery\3.6.1\jquery-3.6.1.jar;C:\Users\ssj4d\.m2\repository\org\apache\maven\surefire\surefire-testng\3.2.5\surefire-testng-3.2.5.jar;C:\Users\ssj4d\.m2\repository\org\apache\maven\surefire\common-java5\3.2.5\common-java5-3.2.5.jar;C:\Users\ssj4d\.m2\repository\org\apache\maven\surefire\surefire-testng-utils\3.2.5\surefire-testng-utils-3.2.5.jar;C:\Users\ssj4d\.m2\repository\org\apache\maven\surefire\surefire-grouper\3.2.5\surefire-grouper-3.2.5.jar"/>
    <property name="user.script" value=""/>
    <property name="sun.management.compiler" value="HotSpot 64-Bit Tiered Compilers"/>
    <property name="java.runtime.version" value="24+36-3646"/>
    <property name="user.name" value="ssj4d"/>
    <property name="stdout.encoding" value="Cp1252"/>
    <property name="path.separator" value=";"/>
    <property name="os.version" value="10.0"/>
    <property name="java.runtime.name" value="Java(TM) SE Runtime Environment"/>
    <property name="file.encoding" value="UTF-8"/>
    <property name="java.vm.name" value="Java HotSpot(TM) 64-Bit Server VM"/>
    <property name="maven.ext.class.path" value="C:\Users\ssj4d\.vscode\extensions\oracle.oracle-java-23.1.0\nbcode\java\maven-nblib\netbeans-eventspy.jar"/>
    <property name="localRepository" value="C:\Users\ssj4d\.m2\repository"/>
    <property name="java.vendor.url.bug" value="https://bugreport.java.com/bugreport/"/>
    <property name="java.io.tmpdir" value="C:\Users\ssj4d\AppData\Local\Temp\"/>
    <property name="java.version" value="24"/>
    <property name="user.dir" value="C:\Users\ssj4d\fireballwizardapp"/>
    <property name="os.arch" value="amd64"/>
    <property name="java.vm.specification.name" value="Java Virtual Machine Specification"/>
    <property name="sun.os.patch.level" value=""/>
    <property name="native.encoding" value="Cp1252"/>
    <property name="java.library.path" value="C:\Program Files\Java\jdk-24\bin;C:\WINDOWS\Sun\Java\bin;C:\WINDOWS\system32;C:\WINDOWS;C:\Program Files\Common Files\Oracle\Java\javapath;C:\Program Files (x86)\Common Files\Intel\Shared Libraries\redist\intel64\compiler;C:\Program Files (x86)\Common Files\Oracle\Java\java8path;C:\Program Files (x86)\Common Files\Oracle\Java\javapath;C:\windows\system32;C:\windows;C:\windows\System32\Wbem;C:\windows\System32\WindowsPowerShell\v1.0\;C:\windows\System32\OpenSSH\;C:\Program Files\HP\HP One Agent;C:\Program Files\dotnet\;C:\Program Files\Git\cmd;C:\WINDOWS\system32;C:\WINDOWS;C:\WINDOWS\System32\Wbem;C:\WINDOWS\System32\WindowsPowerShell\v1.0\;C:\WINDOWS\System32\OpenSSH\;C:\Users\ssj4d\AppData\Local\Microsoft\WindowsApps;C:\Users\ssj4d\AppData\Local\Programs\Microsoft VS Code\bin;C:\Program Files\Apache\maven\apache-maven-3.9.9\bin;;."/>
    <property name="java.vm.info" value="mixed mode"/>
    <property name="stderr.encoding" value="Cp1252"/>
    <property name="java.vendor" value="Oracle Corporation"/>
    <property name="java.vm.version" value="24+36-3646"/>
    <property name="sun.io.unicode.encoding" value="UnicodeLittle"/>
    <property name="java.class.version" value="68.0"/>
  </properties>
  <testcase name="testSetSkillLevelToUnknownValue on testSetSkillLevelToUnknownValue(com.model.UserTest)" classname="com.model.UserTest" time="0.004">
    <system-err><![CDATA[SLF4J: Failed to load class "org.slf4j.impl.StaticLoggerBinder".
SLF4J: Defaulting to no-operation (NOP) logger implementation
SLF4J: See http://www.slf4j.org/codes.html#StaticLoggerBinder for further details.
]]></system-err>
  </testcase>
  <testcase name="testPasswordIsNull on testPasswordIsNull(com.model.UserTest)" classname="com.model.UserTest" time="0.0"/>
  <testcase name="testSetSkillLevelBeginnerWithEnDash on testSetSkillLevelBeginnerWithEnDash(com.model.UserTest)" classname="com.model.UserTest" time="0.0"/>
  <testcase name="testPasswordWithUnicodeSpace on testPasswordWithUnicodeSpace(com.model.UserTest)" classname="com.model.UserTest" time="0.0"/>
  <testcase name="testUsernameOnlyDigits on testUsernameOnlyDigits(com.model.UserTest)" classname="com.model.UserTest" time="0.003"/>
  <testcase name="testPasswordOnlySpecialCharacters on testPasswordOnlySpecialCharacters(com.model.UserTest)" classname="com.model.UserTest" time="0.0"/>
  <testcase name="testSetSkillLevelWithEmoji on testSetSkillLevelWithEmoji(com.model.UserTest)" classname="com.model.UserTest" time="0.001"/>
  <testcase name="testPasswordMatch on testPasswordMatch(com.model.UserTest)" classname="com.model.UserTest" time="0.0"/>
  <testcase name="testUsernameIsEmpty on testUsernameIsEmpty(com.model.UserTest)" classname="com.model.UserTest" time="0.0"/>
  <testcase name="testUsernameIsValid on testUsernameIsValid(com.model.UserTest)" classname="com.model.UserTest" time="0.0"/>
  <testcase name="testSetFilterEmptyInput on testSetFilterEmptyInput(com.model.UserTest)" classname="com.model.UserTest" time="0.0"/>
  <testcase name="testPasswordWithInternalSpace on testPasswordWithInternalSpace(com.model.UserTest)" classname="com.model.UserTest" time="0.0"/>
  <testcase name="testUsernameWithEmoji on testUsernameWithEmoji(com.model.UserTest)" classname="com.model.UserTest" time="0.0"/>
  <testcase name="testPasswordNoCaps on testPasswordNoCaps(com.model.UserTest)" classname="com.model.UserTest" time="0.001"/>
  <testcase name="testUsernameWithSpace on testUsernameWithSpace(com.model.UserTest)" classname="com.model.UserTest" time="0.0"/>
  <testcase name="testSetSkillLevelMixedCase on testSetSkillLevelMixedCase(com.model.UserTest)" classname="com.model.UserTest" time="0.0"/>
  <testcase name="testSetSkillLevelNullInput on testSetSkillLevelNullInput(com.model.UserTest)" classname="com.model.UserTest" time="0.0"/>
  <testcase name="testPasswordLeadingSpace on testPasswordLeadingSpace(com.model.UserTest)" classname="com.model.UserTest" time="0.0"/>
  <testcase name="testSetSkillLevelBeginnerWithUnicode on testSetSkillLevelBeginnerWithUnicode(com.model.UserTest)" classname="com.model.UserTest" time="0.0"/>
  <testcase name="testSetFilterNoWithLeadingSpace on testSetFilterNoWithLeadingSpace(com.model.UserTest)" classname="com.model.UserTest" time="0.0"/>
  <testcase name="testUsernameMatchFromList on testUsernameMatchFromList(com.model.UserTest)" classname="com.model.UserTest" time="0.002"/>
  <testcase name="testPasswordWithSpecialChar on testPasswordWithSpecialChar(com.model.UserTest)" classname="com.model.UserTest" time="0.0"/>
  <testcase name="testPasswordWithUnderscore on testPasswordWithUnderscore(com.model.UserTest)" classname="com.model.UserTest" time="0.0"/>
  <testcase name="testSetSkillLevelWithInternalSpace on testSetSkillLevelWithInternalSpace(com.model.UserTest)" classname="com.model.UserTest" time="0.001"/>
  <testcase name="testSetSkillLevelWithInternalTypos on testSetSkillLevelWithInternalTypos(com.model.UserTest)" classname="com.model.UserTest" time="0.0"/>
  <testcase name="testSetFilterNoWithTrailingSpace on testSetFilterNoWithTrailingSpace(com.model.UserTest)" classname="com.model.UserTest" time="0.0"/>
  <testcase name="testSetSkillLevelProWithInvisibleCharacter on testSetSkillLevelProWithInvisibleCharacter(com.model.UserTest)" classname="com.model.UserTest" time="0.0"/>
  <testcase name="testPasswordWithLeadingSpace on testPasswordWithLeadingSpace(com.model.UserTest)" classname="com.model.UserTest" time="0.0"/>
  <testcase name="testGetPassword on testGetPassword(com.model.UserTest)" classname="com.model.UserTest" time="0.0"/>
  <testcase name="testSetSkillLevelToIntermediate on testSetSkillLevelToIntermediate(com.model.UserTest)" classname="com.model.UserTest" time="0.0"/>
  <testcase name="testGetEmail on testGetEmail(com.model.UserTest)" classname="com.model.UserTest" time="0.0"/>
  <testcase name="testSetSkillLevelIntermediateWithNewline on testSetSkillLevelIntermediateWithNewline(com.model.UserTest)" classname="com.model.UserTest" time="0.0"/>
  <testcase name="testUsernameInternalSpace on testUsernameInternalSpace(com.model.UserTest)" classname="com.model.UserTest" time="0.002"/>
  <testcase name="testSetSkillLevelWithTabCharacter on testSetSkillLevelWithTabCharacter(com.model.UserTest)" classname="com.model.UserTest" time="0.0"/>
  <testcase name="testPasswordWithNumbers on testPasswordWithNumbers(com.model.UserTest)" classname="com.model.UserTest" time="0.0"/>
  <testcase name="testUsernameAlreadyExistsExact on testUsernameAlreadyExistsExact(com.model.UserTest)" classname="com.model.UserTest" time="0.002"/>
  <testcase name="testPasswordWithEmoji on testPasswordWithEmoji(com.model.UserTest)" classname="com.model.UserTest" time="0.0"/>
  <testcase name="testSetSkillLevelProWithTab on testSetSkillLevelProWithTab(com.model.UserTest)" classname="com.model.UserTest" time="0.0"/>
  <testcase name="testSetSkillLevelWhitespaceOnly on testSetSkillLevelWhitespaceOnly(com.model.UserTest)" classname="com.model.UserTest" time="0.0"/>
  <testcase name="testSetSkillLevelWithUnicodeCharacters on testSetSkillLevelWithUnicodeCharacters(com.model.UserTest)" classname="com.model.UserTest" time="0.001"/>
  <testcase name="testSetFilterNoWithTab on testSetFilterNoWithTab(com.model.UserTest)" classname="com.model.UserTest" time="0.0"/>
  <testcase name="testPasswordTooShort on testPasswordTooShort(com.model.UserTest)" classname="com.model.UserTest" time="0.001"/>
  <testcase name="testUsernameMatch on testUsernameMatch(com.model.UserTest)" classname="com.model.UserTest" time="0.0"/>
  <testcase name="testSetFilterWhitespaceOnly on testSetFilterWhitespaceOnly(com.model.UserTest)" classname="com.model.UserTest" time="0.001"/>
  <testcase name="testPasswordWithEnDash on testPasswordWithEnDash(com.model.UserTest)" classname="com.model.UserTest" time="0.0"/>
  <testcase name="testSetFilterYesWithInvisibleCharacter on testSetFilterYesWithInvisibleCharacter(com.model.UserTest)" classname="com.model.UserTest" time="0.0"/>
  <testcase name="testGetSkillLevel on testGetSkillLevel(com.model.UserTest)" classname="com.model.UserTest" time="0.001"/>
  <testcase name="testUsernameMatchAllCaps on testUsernameMatchAllCaps(com.model.UserTest)" classname="com.model.UserTest" time="0.001"/>
  <testcase name="testPasswordMatchMixed on testPasswordMatchMixed(com.model.UserTest)" classname="com.model.UserTest" time="0.0"/>
  <testcase name="testSetSkillLevelIntermediateWithTab on testSetSkillLevelIntermediateWithTab(com.model.UserTest)" classname="com.model.UserTest" time="0.001"/>
  <testcase name="testUsernameOnlySpecialCharacters on testUsernameOnlySpecialCharacters(com.model.UserTest)" classname="com.model.UserTest" time="0.0"/>
  <testcase name="testSetSkillLevelEmptyInput on testSetSkillLevelEmptyInput(com.model.UserTest)" classname="com.model.UserTest" time="0.0"/>
  <testcase name="testgetFilter on testgetFilter(com.model.UserTest)" classname="com.model.UserTest" time="0.0"/>
  <testcase name="testUsernameTooLong on testUsernameTooLong(com.model.UserTest)" classname="com.model.UserTest" time="0.0"/>
  <testcase name="testSetFilterYesLowercase on testSetFilterYesLowercase(com.model.UserTest)" classname="com.model.UserTest" time="0.0"/>
  <testcase name="testPasswordWithTrailingSpace on testPasswordWithTrailingSpace(com.model.UserTest)" classname="com.model.UserTest" time="0.0"/>
  <testcase name="testUsernameAllCaps on testUsernameAllCaps(com.model.UserTest)" classname="com.model.UserTest" time="0.0"/>
  <testcase name="testSetFilterYesWithUnicode on testSetFilterYesWithUnicode(com.model.UserTest)" classname="com.model.UserTest" time="0.0"/>
  <testcase name="testSetSkillLevelToPro on testSetSkillLevelToPro(com.model.UserTest)" classname="com.model.UserTest" time="0.0"/>
  <testcase name="testSetSkillLevelProWithUnicode on testSetSkillLevelProWithUnicode(com.model.UserTest)" classname="com.model.UserTest" time="0.0"/>
  <testcase name="testSetFilterNoLowercase on testSetFilterNoLowercase(com.model.UserTest)" classname="com.model.UserTest" time="0.0"/>
  <testcase name="testUsernameTrailingSpace on testUsernameTrailingSpace(com.model.UserTest)" classname="com.model.UserTest" time="0.0"/>
  <testcase name="testSetSkillLevelProWithEnDash on testSetSkillLevelProWithEnDash(com.model.UserTest)" classname="com.model.UserTest" time="0.001"/>
  <testcase name="testSetSkillLevelWithTrailingSpaces on testSetSkillLevelWithTrailingSpaces(com.model.UserTest)" classname="com.model.UserTest" time="0.001"/>
  <testcase name="testUsernameWithInvisibleCharacter on testUsernameWithInvisibleCharacter(com.model.UserTest)" classname="com.model.UserTest" time="0.0"/>
  <testcase name="testSetSkillLevelWithLeadingSpaces on testSetSkillLevelWithLeadingSpaces(com.model.UserTest)" classname="com.model.UserTest" time="0.0"/>
  <testcase name="testUsernameWithNewlineCharacter on testUsernameWithNewlineCharacter(com.model.UserTest)" classname="com.model.UserTest" time="0.0"/>
  <testcase name="testSetFilterYesUppercase on testSetFilterYesUppercase(com.model.UserTest)" classname="com.model.UserTest" time="0.0"/>
  <testcase name="testSetFilterYesWithLeadingSpace on testSetFilterYesWithLeadingSpace(com.model.UserTest)" classname="com.model.UserTest" time="0.001"/>
  <testcase name="testGetLastName on testGetLastName(com.model.UserTest)" classname="com.model.UserTest" time="0.001"/>
  <testcase name="testSetSkillLevelBeginnerWithInvisibleCharacter on testSetSkillLevelBeginnerWithInvisibleCharacter(com.model.UserTest)" classname="com.model.UserTest" time="0.001"/>
  <testcase name="testSetFilterNoWithUnicode on testSetFilterNoWithUnicode(com.model.UserTest)" classname="com.model.UserTest" time="0.0"/>
  <testcase name="testUsernameWithEnDash on testUsernameWithEnDash(com.model.UserTest)" classname="com.model.UserTest" time="0.001"/>
  <testcase name="testGetBadgesEarned on testGetBadgesEarned(com.model.UserTest)" classname="com.model.UserTest" time="0.002"/>
  <testcase name="testUsernameMatchMixed on testUsernameMatchMixed(com.model.UserTest)" classname="com.model.UserTest" time="0.0"/>
  <testcase name="testSetSkillLevelIntermediateWithInvisibleCharacter on testSetSkillLevelIntermediateWithInvisibleCharacter(com.model.UserTest)" classname="com.model.UserTest" time="0.0"/>
  <testcase name="testSetSkillLevelIntermediateWithEnDash on testSetSkillLevelIntermediateWithEnDash(com.model.UserTest)" classname="com.model.UserTest" time="0.0"/>
  <testcase name="testSetFilterUnknownWord on testSetFilterUnknownWord(com.model.UserTest)" classname="com.model.UserTest" time="0.0"/>
  <testcase name="testPasswordWithUnicode on testPasswordWithUnicode(com.model.UserTest)" classname="com.model.UserTest" time="0.001"/>
  <testcase name="testUsernameWithNumbers on testUsernameWithNumbers(com.model.UserTest)" classname="com.model.UserTest" time="0.001"/>
  <testcase name="testPasswordIsEmpty on testPasswordIsEmpty(com.model.UserTest)" classname="com.model.UserTest" time="0.0"/>
  <testcase name="testPasswordIsValid on testPasswordIsValid(com.model.UserTest)" classname="com.model.UserTest" time="0.0"/>
  <testcase name="testSetSkillLevelBeginnerWithNewline on testSetSkillLevelBeginnerWithNewline(com.model.UserTest)" classname="com.model.UserTest" time="0.0"/>
  <testcase name="testSetFilterNoUppercase on testSetFilterNoUppercase(com.model.UserTest)" classname="com.model.UserTest" time="0.0"/>
  <testcase name="testSetFilterNoWithEnDash on testSetFilterNoWithEnDash(com.model.UserTest)" classname="com.model.UserTest" time="0.001"/>
  <testcase name="testSetFilterNoWithInvisibleCharacter on testSetFilterNoWithInvisibleCharacter(com.model.UserTest)" classname="com.model.UserTest" time="0.0"/>
  <testcase name="testSetFilterYesWithTab on testSetFilterYesWithTab(com.model.UserTest)" classname="com.model.UserTest" time="0.0"/>
  <testcase name="testSetSkillLevelIntermediateWithUnicode on testSetSkillLevelIntermediateWithUnicode(com.model.UserTest)" classname="com.model.UserTest" time="0.001"/>
  <testcase name="testSetFilterYesWithEmoji on testSetFilterYesWithEmoji(com.model.UserTest)" classname="com.model.UserTest" time="0.0"/>
  <testcase name="testSetSkillLevelBeginnerWithEmoji on testSetSkillLevelBeginnerWithEmoji(com.model.UserTest)" classname="com.model.UserTest" time="0.0"/>
  <testcase name="testSetSkillLevelBeginnerWithSpace on testSetSkillLevelBeginnerWithSpace(com.model.UserTest)" classname="com.model.UserTest" time="0.0"/>
  <testcase name="testPasswordMatchAllCaps on testPasswordMatchAllCaps(com.model.UserTest)" classname="com.model.UserTest" time="0.0"/>
  <testcase name="testPasswordInternalSpace on testPasswordInternalSpace(com.model.UserTest)" classname="com.model.UserTest" time="0.001"/>
  <testcase name="testSetFilterYesMixedCase on testSetFilterYesMixedCase(com.model.UserTest)" classname="com.model.UserTest" time="0.0"/>
  <testcase name="testUsernameLeadingSpace on testUsernameLeadingSpace(com.model.UserTest)" classname="com.model.UserTest" time="0.0"/>
  <testcase name="testUsernameWithTabCharacter on testUsernameWithTabCharacter(com.model.UserTest)" classname="com.model.UserTest" time="0.0"/>
  <testcase name="testUsernameIsNull on testUsernameIsNull(com.model.UserTest)" classname="com.model.UserTest" time="0.0"/>
  <testcase name="testSetFilterSingleLetterN on testSetFilterSingleLetterN(com.model.UserTest)" classname="com.model.UserTest" time="0.0"/>
  <testcase name="testSetFilterSingleLetterY on testSetFilterSingleLetterY(com.model.UserTest)" classname="com.model.UserTest" time="0.001"/>
  <testcase name="testPasswordAfterUsernameMatch on testPasswordAfterUsernameMatch(com.model.UserTest)" classname="com.model.UserTest" time="0.0"/>
  <testcase name="testSetSkillLevelProWithEmoji on testSetSkillLevelProWithEmoji(com.model.UserTest)" classname="com.model.UserTest" time="0.0"/>
  <testcase name="testSetSkillLevelProWithSpace on testSetSkillLevelProWithSpace(com.model.UserTest)" classname="com.model.UserTest" time="0.0"/>
  <testcase name="testSetSkillLevelWithNewlineCharacter on testSetSkillLevelWithNewlineCharacter(com.model.UserTest)" classname="com.model.UserTest" time="0.001"/>
  <testcase name="testSetSkillLevelLowercase on testSetSkillLevelLowercase(com.model.UserTest)" classname="com.model.UserTest" time="0.0"/>
  <testcase name="testUsernameNoCaps on testUsernameNoCaps(com.model.UserTest)" classname="com.model.UserTest" time="0.0"/>
  <testcase name="testSetFilterYesWithEnDash on testSetFilterYesWithEnDash(com.model.UserTest)" classname="com.model.UserTest" time="0.001"/>
  <testcase name="testUsernameWithSpecialChar on testUsernameWithSpecialChar(com.model.UserTest)" classname="com.model.UserTest" time="0.0"/>
  <testcase name="testSetFilterNoWithEmoji on testSetFilterNoWithEmoji(com.model.UserTest)" classname="com.model.UserTest" time="0.0"/>
  <testcase name="testUsernameWithUnderscore on testUsernameWithUnderscore(com.model.UserTest)" classname="com.model.UserTest" time="0.0"/>
  <testcase name="testSetFilterNoMixedCase on testSetFilterNoMixedCase(com.model.UserTest)" classname="com.model.UserTest" time="0.001"/>
  <testcase name="testSetSkillLevelWithInvisibleCharacter on testSetSkillLevelWithInvisibleCharacter(com.model.UserTest)" classname="com.model.UserTest" time="0.001"/>
  <testcase name="testPasswordOnlyDigits on testPasswordOnlyDigits(com.model.UserTest)" classname="com.model.UserTest" time="0.0"/>
  <testcase name="testGetUsername on testGetUsername(com.model.UserTest)" classname="com.model.UserTest" time="0.001"/>
  <testcase name="testGetFirstName on testGetFirstName(com.model.UserTest)" classname="com.model.UserTest" time="0.0"/>
  <testcase name="testPasswordMatchNoCaps on testPasswordMatchNoCaps(com.model.UserTest)" classname="com.model.UserTest" time="0.0"/>
  <testcase name="testSetSkillLevelIntermediateWithEmoji on testSetSkillLevelIntermediateWithEmoji(com.model.UserTest)" classname="com.model.UserTest" time="0.0"/>
  <testcase name="testSetSkillLevelIntermediateWithSpace on testSetSkillLevelIntermediateWithSpace(com.model.UserTest)" classname="com.model.UserTest" time="0.0"/>
  <testcase name="testPasswordTooLong on testPasswordTooLong(com.model.UserTest)" classname="com.model.UserTest" time="0.0"/>
  <testcase name="testUsernameWithUnicodeSpace on testUsernameWithUnicodeSpace(com.model.UserTest)" classname="com.model.UserTest" time="0.001"/>
  <testcase name="testPasswordWithTabCharacter on testPasswordWithTabCharacter(com.model.UserTest)" classname="com.model.UserTest" time="0.0"/>
  <testcase name="testGetUserID on testGetUserID(com.model.UserTest)" classname="com.model.UserTest" time="0.001"/>
  <testcase name="testPasswordWithNewlineCharacter on testPasswordWithNewlineCharacter(com.model.UserTest)" classname="com.model.UserTest" time="0.0"/>
  <testcase name="testPasswordWithInvisibleCharacter on testPasswordWithInvisibleCharacter(com.model.UserTest)" classname="com.model.UserTest" time="0.001"/>
  <testcase name="testPasswordAllCaps on testPasswordAllCaps(com.model.UserTest)" classname="com.model.UserTest" time="0.0"/>
  <testcase name="testSetFilterYesWithNewline on testSetFilterYesWithNewline(com.model.UserTest)" classname="com.model.UserTest" time="0.001"/>
  <testcase name="testSetSkillLevelToBeginner on testSetSkillLevelToBeginner(com.model.UserTest)" classname="com.model.UserTest" time="0.0"/>
  <testcase name="testSetSkillLevelProWithNewline on testSetSkillLevelProWithNewline(com.model.UserTest)" classname="com.model.UserTest" time="0.0"/>
  <testcase name="testSetFilterYesWithTrailingSpace on testSetFilterYesWithTrailingSpace(com.model.UserTest)" classname="com.model.UserTest" time="0.001"/>
  <testcase name="testPasswordTrailingSpace on testPasswordTrailingSpace(com.model.UserTest)" classname="com.model.UserTest" time="0.0"/>
  <testcase name="testSetSkillLevelWithEnDash on testSetSkillLevelWithEnDash(com.model.UserTest)" classname="com.model.UserTest" time="0.0"/>
  <testcase name="testUsernameWithUnicode on testUsernameWithUnicode(com.model.UserTest)" classname="com.model.UserTest" time="0.0"/>
  <testcase name="testUsernameAlreadyExistsDifferentCase on testUsernameAlreadyExistsDifferentCase(com.model.UserTest)" classname="com.model.UserTest" time="0.0"/>
  <testcase name="testSetFilterNullInput on testSetFilterNullInput(com.model.UserTest)" classname="com.model.UserTest" time="0.001"/>
  <testcase name="testSetSkillLevelBeginnerWithTab on testSetSkillLevelBeginnerWithTab(com.model.UserTest)" classname="com.model.UserTest" time="0.0"/>
  <testcase name="testSetFilterNoWithNewline on testSetFilterNoWithNewline(com.model.UserTest)" classname="com.model.UserTest" time="0.0"/>
</testsuite>