<?xml version="1.0" encoding="UTF-8"?>
<!-- Generated by org.testng.reporters.JUnitReportReporter -->
<testsuite hostname="DYLANSLAPTOP" failures="0" tests="135" name="com.model.UserTest" time="7.775" errors="0" timestamp="2025-04-02T15:36:40 EDT" skipped="0">
  <testcase classname="com.model.UserTest" name="testSetSkillLevelWithUnicodeCharacters" time="0.046"/>
  <system-out/>
  <testcase classname="com.model.UserTest" name="testGetBadgesEarned" time="0.062"/>
  <system-out/>
  <testcase classname="com.model.UserTest" name="testPasswordMatchNoCaps" time="0.074"/>
  <system-out/>
  <testcase classname="com.model.UserTest" name="testSetSkillLevelProWithEmoji" time="0.069"/>
  <system-out/>
  <testcase classname="com.model.UserTest" name="testPasswordAllCaps" time="0.077"/>
  <system-out/>
  <testcase classname="com.model.UserTest" name="testSetSkillLevelToUnknownValue" time="0.030"/>
  <system-out/>
  <testcase classname="com.model.UserTest" name="testSetFilterNoWithEnDash" time="0.066"/>
  <system-out/>
  <testcase classname="com.model.UserTest" name="testPasswordOnlyDigits" time="0.073"/>
  <system-out/>
  <testcase classname="com.model.UserTest" name="testSetSkillLevelToBeginner" time="0.078"/>
  <system-out/>
  <testcase classname="com.model.UserTest" name="testUsernameWithNumbers" time="0.064"/>
  <system-out/>
  <testcase classname="com.model.UserTest" name="testSetFilterSingleLetterN" time="0.068"/>
  <system-out/>
  <testcase classname="com.model.UserTest" name="testSetFilterNoWithLeadingSpace" time="0.040"/>
  <system-out/>
  <testcase classname="com.model.UserTest" name="testUsernameWithEnDash" time="0.060"/>
  <system-out/>
  <testcase classname="com.model.UserTest" name="testSetFilterNoWithTrailingSpace" time="0.042"/>
  <system-out/>
  <testcase classname="com.model.UserTest" name="testUsernameMatch" time="0.048"/>
  <system-out/>
  <testcase classname="com.model.UserTest" name="testUsernameAlreadyExistsDifferentCase" time="0.080"/>
  <system-out/>
  <testcase classname="com.model.UserTest" name="testSetSkillLevelNullInput" time="0.040"/>
  <system-out/>
  <testcase classname="com.model.UserTest" name="testSetSkillLevelWithEmoji" time="0.039"/>
  <system-out/>
  <testcase classname="com.model.UserTest" name="testSetFilterYesWithTab" time="0.067"/>
  <system-out/>
  <testcase classname="com.model.UserTest" name="testSetFilterNoWithTab" time="0.047"/>
  <system-out/>
  <testcase classname="com.model.UserTest" name="testUsernameIsEmpty" time="0.039"/>
  <system-out/>
  <testcase classname="com.model.UserTest" name="testSetSkillLevelIntermediateWithEmoji" time="0.075"/>
  <system-out/>
  <testcase classname="com.model.UserTest" name="testPasswordMatch" time="0.040"/>
  <system-out/>
  <testcase classname="com.model.UserTest" name="testPasswordWithInvisibleCharacter" time="0.076"/>
  <system-out/>
  <testcase classname="com.model.UserTest" name="testSetSkillLevelWithNewlineCharacter" time="0.069"/>
  <system-out/>
  <testcase classname="com.model.UserTest" name="testSetFilterEmptyInput" time="0.039"/>
  <system-out/>
  <testcase classname="com.model.UserTest" name="testSetFilterNoLowercase" time="0.054"/>
  <system-out/>
  <testcase classname="com.model.UserTest" name="testSetFilterYesUppercase" time="0.057"/>
  <system-out/>
  <testcase classname="com.model.UserTest" name="testSetFilterYesWithLeadingSpace" time="0.058"/>
  <system-out/>
  <testcase classname="com.model.UserTest" name="testPasswordWithTabCharacter" time="0.075"/>
  <system-out/>
  <testcase classname="com.model.UserTest" name="testPasswordNoCaps" time="0.040"/>
  <system-out/>
  <testcase classname="com.model.UserTest" name="testGetFirstName" time="0.074"/>
  <system-out/>
  <testcase classname="com.model.UserTest" name="testSetSkillLevelWithInternalSpace" time="0.041"/>
  <system-out/>
  <testcase classname="com.model.UserTest" name="testUsernameNoCaps" time="0.070"/>
  <system-out/>
  <testcase classname="com.model.UserTest" name="testPasswordWithNewlineCharacter" time="0.076"/>
  <system-out/>
  <testcase classname="com.model.UserTest" name="testSetFilterYesWithNewline" time="0.077"/>
  <system-out/>
  <testcase classname="com.model.UserTest" name="testPasswordTooShort" time="0.047"/>
  <system-out/>
  <testcase classname="com.model.UserTest" name="testUsernameIsNull" time="0.068"/>
  <system-out/>
  <testcase classname="com.model.UserTest" name="testUsernameOnlySpecialCharacters" time="0.052"/>
  <system-out/>
  <testcase classname="com.model.UserTest" name="testSetFilterNoWithUnicode" time="0.060"/>
  <system-out/>
  <testcase classname="com.model.UserTest" name="testPasswordWithSpecialChar" time="0.041"/>
  <system-out/>
  <testcase classname="com.model.UserTest" name="testSetSkillLevelIntermediateWithEnDash" time="0.064"/>
  <system-out/>
  <testcase classname="com.model.UserTest" name="testPasswordAfterUsernameMatch" time="0.069"/>
  <system-out/>
  <testcase classname="com.model.UserTest" name="testGetEmail" time="0.042"/>
  <system-out/>
  <testcase classname="com.model.UserTest" name="testSetFilterUnknownWord" time="0.063"/>
  <system-out/>
  <testcase classname="com.model.UserTest" name="testPasswordTooLong" time="0.075"/>
  <system-out/>
  <testcase classname="com.model.UserTest" name="testgetFilter" time="0.052"/>
  <system-out/>
  <testcase classname="com.model.UserTest" name="testUsernameTooLong" time="0.051"/>
  <system-out/>
  <testcase classname="com.model.UserTest" name="testSetSkillLevelBeginnerWithNewline" time="0.066"/>
  <system-out/>
  <testcase classname="com.model.UserTest" name="testSetSkillLevelMixedCase" time="0.040"/>
  <system-out/>
  <testcase classname="com.model.UserTest" name="testSetSkillLevelWithInternalTypos" time="0.042"/>
  <system-out/>
  <testcase classname="com.model.UserTest" name="testSetSkillLevelProWithEnDash" time="0.055"/>
  <system-out/>
  <testcase classname="com.model.UserTest" name="testPasswordIsEmpty" time="0.065"/>
  <system-out/>
  <testcase classname="com.model.UserTest" name="testUsernameWithUnicodeSpace" time="0.075"/>
  <system-out/>
  <testcase classname="com.model.UserTest" name="testUsernameMatchAllCaps" time="0.050"/>
  <system-out/>
  <testcase classname="com.model.UserTest" name="testSetSkillLevelWithTabCharacter" time="0.043"/>
  <system-out/>
  <testcase classname="com.model.UserTest" name="testSetFilterNoUppercase" time="0.066"/>
  <system-out/>
  <testcase classname="com.model.UserTest" name="testSetFilterYesWithTrailingSpace" time="0.079"/>
  <system-out/>
  <testcase classname="com.model.UserTest" name="testPasswordWithInternalSpace" time="0.040"/>
  <system-out/>
  <testcase classname="com.model.UserTest" name="testPasswordLeadingSpace" time="0.040"/>
  <system-out/>
  <testcase classname="com.model.UserTest" name="testPasswordWithLeadingSpace" time="0.042"/>
  <system-out/>
  <testcase classname="com.model.UserTest" name="testUsernameWithEmoji" time="0.040"/>
  <system-out/>
  <testcase classname="com.model.UserTest" name="testUsernameOnlyDigits" time="0.039"/>
  <system-out/>
  <testcase classname="com.model.UserTest" name="testPasswordIsNull" time="0.030"/>
  <system-out/>
  <testcase classname="com.model.UserTest" name="testSetFilterWhitespaceOnly" time="0.048"/>
  <system-out/>
  <testcase classname="com.model.UserTest" name="testGetLastName" time="0.058"/>
  <system-out/>
  <testcase classname="com.model.UserTest" name="testSetFilterNoWithInvisibleCharacter" time="0.067"/>
  <system-out/>
  <testcase classname="com.model.UserTest" name="testSetFilterYesWithUnicode" time="0.052"/>
  <system-out/>
  <testcase classname="com.model.UserTest" name="testPasswordWithUnicodeSpace" time="0.030"/>
  <system-out/>
  <testcase classname="com.model.UserTest" name="testUsernameTrailingSpace" time="0.054"/>
  <system-out/>
  <testcase classname="com.model.UserTest" name="testSetSkillLevelBeginnerWithTab" time="0.081"/>
  <system-out/>
  <testcase classname="com.model.UserTest" name="testSetFilterYesMixedCase" time="0.069"/>
  <system-out/>
  <testcase classname="com.model.UserTest" name="testPasswordWithUnderscore" time="0.041"/>
  <system-out/>
  <testcase classname="com.model.UserTest" name="testUsernameLeadingSpace" time="0.069"/>
  <system-out/>
  <testcase classname="com.model.UserTest" name="testSetSkillLevelWithEnDash" time="0.080"/>
  <system-out/>
  <testcase classname="com.model.UserTest" name="testSetSkillLevelIntermediateWithInvisibleCharacter" time="0.063"/>
  <system-out/>
  <testcase classname="com.model.UserTest" name="testPasswordWithNumbers" time="0.044"/>
  <system-out/>
  <testcase classname="com.model.UserTest" name="testUsernameWithNewlineCharacter" time="0.057"/>
  <system-out/>
  <testcase classname="com.model.UserTest" name="testPasswordWithEmoji" time="0.046"/>
  <system-out/>
  <testcase classname="com.model.UserTest" name="testSetFilterSingleLetterY" time="0.068"/>
  <system-out/>
  <testcase classname="com.model.UserTest" name="testSetFilterYesWithEnDash" time="0.070"/>
  <system-out/>
  <testcase classname="com.model.UserTest" name="testUsernameIsValid" time="0.039"/>
  <system-out/>
  <testcase classname="com.model.UserTest" name="testUsernameWithUnderscore" time="0.071"/>
  <system-out/>
  <testcase classname="com.model.UserTest" name="testSetSkillLevelBeginnerWithInvisibleCharacter" time="0.059"/>
  <system-out/>
  <testcase classname="com.model.UserTest" name="testGetUsername" time="0.074"/>
  <system-out/>
  <testcase classname="com.model.UserTest" name="testSetSkillLevelIntermediateWithNewline" time="0.042"/>
  <system-out/>
  <testcase classname="com.model.UserTest" name="testSetSkillLevelProWithSpace" time="0.069"/>
  <system-out/>
  <testcase classname="com.model.UserTest" name="testSetFilterNoMixedCase" time="0.072"/>
  <system-out/>
  <testcase classname="com.model.UserTest" name="testSetSkillLevelWhitespaceOnly" time="0.046"/>
  <system-out/>
  <testcase classname="com.model.UserTest" name="testUsernameWithInvisibleCharacter" time="0.056"/>
  <system-out/>
  <testcase classname="com.model.UserTest" name="testSetFilterNoWithEmoji" time="0.071"/>
  <system-out/>
  <testcase classname="com.model.UserTest" name="testPasswordOnlySpecialCharacters" time="0.039"/>
  <system-out/>
  <testcase classname="com.model.UserTest" name="testPasswordWithEnDash" time="0.049"/>
  <system-out/>
  <testcase classname="com.model.UserTest" name="testPasswordTrailingSpace" time="0.080"/>
  <system-out/>
  <testcase classname="com.model.UserTest" name="testGetUserID" time="0.075"/>
  <system-out/>
  <testcase classname="com.model.UserTest" name="testSetFilterYesLowercase" time="0.052"/>
  <system-out/>
  <testcase classname="com.model.UserTest" name="testSetSkillLevelWithTrailingSpaces" time="0.055"/>
  <system-out/>
  <testcase classname="com.model.UserTest" name="testPasswordInternalSpace" time="0.068"/>
  <system-out/>
  <testcase classname="com.model.UserTest" name="testSetSkillLevelProWithInvisibleCharacter" time="0.042"/>
  <system-out/>
  <testcase classname="com.model.UserTest" name="testSetSkillLevelIntermediateWithSpace" time="0.075"/>
  <system-out/>
  <testcase classname="com.model.UserTest" name="testUsernameAlreadyExistsExact" time="0.045"/>
  <system-out/>
  <testcase classname="com.model.UserTest" name="testSetSkillLevelIntermediateWithTab" time="0.051"/>
  <system-out/>
  <testcase classname="com.model.UserTest" name="testSetFilterYesWithEmoji" time="0.068"/>
  <system-out/>
  <testcase classname="com.model.UserTest" name="testSetSkillLevelToPro" time="0.052"/>
  <system-out/>
  <testcase classname="com.model.UserTest" name="testSetSkillLevelIntermediateWithUnicode" time="0.067"/>
  <system-out/>
  <testcase classname="com.model.UserTest" name="testPasswordIsValid" time="0.065"/>
  <system-out/>
  <testcase classname="com.model.UserTest" name="testPasswordWithUnicode" time="0.064"/>
  <system-out/>
  <testcase classname="com.model.UserTest" name="testUsernameInternalSpace" time="0.042"/>
  <system-out/>
  <testcase classname="com.model.UserTest" name="testSetSkillLevelWithLeadingSpaces" time="0.056"/>
  <system-out/>
  <testcase classname="com.model.UserTest" name="testSetSkillLevelBeginnerWithEnDash" time="0.029"/>
  <system-out/>
  <testcase classname="com.model.UserTest" name="testPasswordMatchAllCaps" time="0.068"/>
  <system-out/>
  <testcase classname="com.model.UserTest" name="testUsernameWithTabCharacter" time="0.069"/>
  <system-out/>
  <testcase classname="com.model.UserTest" name="testSetFilterNullInput" time="0.080"/>
  <system-out/>
  <testcase classname="com.model.UserTest" name="testSetSkillLevelProWithNewline" time="0.078"/>
  <system-out/>
  <testcase classname="com.model.UserTest" name="testUsernameWithUnicode" time="0.080"/>
  <system-out/>
  <testcase classname="com.model.UserTest" name="testUsernameAllCaps" time="0.052"/>
  <system-out/>
  <testcase classname="com.model.UserTest" name="testSetSkillLevelLowercase" time="0.070"/>
  <system-out/>
  <testcase classname="com.model.UserTest" name="testUsernameWithSpace" time="0.040"/>
  <system-out/>
  <testcase classname="com.model.UserTest" name="testGetPassword" time="0.042"/>
  <system-out/>
  <testcase classname="com.model.UserTest" name="testSetFilterYesWithInvisibleCharacter" time="0.049"/>
  <system-out/>
  <testcase classname="com.model.UserTest" name="testSetSkillLevelProWithUnicode" time="0.053"/>
  <system-out/>
  <testcase classname="com.model.UserTest" name="testUsernameWithSpecialChar" time="0.071"/>
  <system-out/>
  <testcase classname="com.model.UserTest" name="testSetSkillLevelEmptyInput" time="0.052"/>
  <system-out/>
  <testcase classname="com.model.UserTest" name="testSetSkillLevelProWithTab" time="0.045"/>
  <system-out/>
  <testcase classname="com.model.UserTest" name="testUsernameMatchFromList" time="0.041"/>
  <system-out/>
  <testcase classname="com.model.UserTest" name="testSetSkillLevelBeginnerWithUnicode" time="0.041"/>
  <system-out/>
  <testcase classname="com.model.UserTest" name="testSetSkillLevelToIntermediate" time="0.042"/>
  <system-out/>
  <testcase classname="com.model.UserTest" name="testPasswordMatchMixed" time="0.051"/>
  <system-out/>
  <testcase classname="com.model.UserTest" name="testGetSkillLevel" time="0.050"/>
  <system-out/>
  <testcase classname="com.model.UserTest" name="testSetSkillLevelBeginnerWithSpace" time="0.068"/>
  <system-out/>
  <testcase classname="com.model.UserTest" name="testSetFilterNoWithNewline" time="0.081"/>
  <system-out/>
  <testcase classname="com.model.UserTest" name="testPasswordWithTrailingSpace" time="0.052"/>
  <system-out/>
  <testcase classname="com.model.UserTest" name="testUsernameMatchMixed" time="0.063"/>
  <system-out/>
  <testcase classname="com.model.UserTest" name="testSetSkillLevelWithInvisibleCharacter" time="0.073"/>
  <system-out/>
  <testcase classname="com.model.UserTest" name="testSetSkillLevelBeginnerWithEmoji" time="0.068"/>
  <system-out/>
</testsuite> <!-- com.model.UserTest -->
