<?xml version="1.0" encoding="UTF-8"?>
<!-- Generated by org.testng.reporters.JUnitReportReporter -->
<testsuite hostname="DYLANSLAPTOP" failures="0" tests="9" name="com.model.InstrumentTest" time="0.205" errors="0" timestamp="2025-04-02T14:41:48 EDT" skipped="0">
  <testcase classname="com.model.InstrumentTest" name="testNullInputs" time="0.024"/>
  <system-out/>
  <testcase classname="com.model.InstrumentTest" name="testGetDetailsFormat" time="0.021"/>
  <system-out/>
  <testcase classname="com.model.InstrumentTest" name="testSetVolumeBoundary" time="0.023"/>
  <system-out/>
  <testcase classname="com.model.InstrumentTest" name="testPlayDoesNotThrowException" time="0.024"/>
  <system-out/>
  <testcase classname="com.model.InstrumentTest" name="testNonElectricInstrument" time="0.024"/>
  <system-out/>
  <testcase classname="com.model.InstrumentTest" name="testSettersUpdateFields" time="0.024"/>
  <system-out/>
  <testcase classname="com.model.InstrumentTest" name="testStopPlayingDoesNotThrowException" time="0.025"/>
  <system-out/>
  <testcase classname="com.model.InstrumentTest" name="testTuneDoesNotThrowException" time="0.018"/>
  <system-out/>
  <testcase classname="com.model.InstrumentTest" name="testConstructorAndGetters" time="0.022"/>
  <system-out/>
</testsuite> <!-- com.model.InstrumentTest -->
