<?xml version="1.0" encoding="UTF-8"?>
<!-- Generated by org.testng.reporters.JUnitReportReporter -->
<testsuite hostname="DYLANSLAPTOP" failures="0" tests="5" name="com.model.SongTest" time="0.094" errors="0" timestamp="2025-04-02T15:37:03 EDT" skipped="0">
  <testcase classname="com.model.SongTest" name="testGetNotes" time="0.018"/>
  <system-out/>
  <testcase classname="com.model.SongTest" name="testGetTempo" time="0.018"/>
  <system-out/>
  <testcase classname="com.model.SongTest" name="testGetDifficulty" time="0.020"/>
  <system-out/>
  <testcase classname="com.model.SongTest" name="testGetTitle" time="0.019"/>
  <system-out/>
  <testcase classname="com.model.SongTest" name="testGetSongID" time="0.019"/>
  <system-out/>
</testsuite> <!-- com.model.SongTest -->
