<?xml version="1.0" encoding="UTF-8"?>
<!-- Generated by org.testng.reporters.JUnitReportReporter -->
<testsuite hostname="DYLANSLAPTOP" failures="0" tests="3" name="com.model.QuizTest" time="0.045" errors="0" timestamp="2025-04-02T15:10:47 EDT" skipped="0">
  <testcase classname="com.model.QuizTest" name="testConstructorAndGetters" time="0.016"/>
  <system-out/>
  <testcase classname="com.model.QuizTest" name="testCheckAnswerCorrect" time="0.014"/>
  <system-out/>
  <testcase classname="com.model.QuizTest" name="testAddQuestion" time="0.015"/>
  <system-out/>
</testsuite> <!-- com.model.QuizTest -->
