<?xml version="1.0" encoding="UTF-8"?>
<!-- Generated by org.testng.reporters.JUnitReportReporter -->
<testsuite hostname="DYLANSLAPTOP" failures="0" tests="6" name="com.model.SongListTest" time="0.183" errors="0" timestamp="2025-04-02T15:37:15 EDT" skipped="0">
  <testcase classname="com.model.SongListTest" name="testGetSongByIdThrows" time="0.031"/>
  <system-out/>
  <testcase classname="com.model.SongListTest" name="testConstructorAndGetters" time="0.027"/>
  <system-out/>
  <testcase classname="com.model.SongListTest" name="testGetAllSongsThrows" time="0.028"/>
  <system-out/>
  <testcase classname="com.model.SongListTest" name="testSettersUpdateFields" time="0.030"/>
  <system-out/>
  <testcase classname="com.model.SongListTest" name="testToStringFormat" time="0.037"/>
  <system-out/>
  <testcase classname="com.model.SongListTest" name="testAddSongThrows" time="0.030"/>
  <system-out/>
</testsuite> <!-- com.model.SongListTest -->
