<?xml version="1.0" encoding="UTF-8"?>
<!-- Generated by org.testng.reporters.JUnitReportReporter -->
<testsuite hostname="DYLANSLAPTOP" failures="0" tests="22" name="com.model.UserListTest" time="0.844" errors="0" timestamp="2025-04-02T15:36:51 EDT" skipped="0">
  <testcase classname="com.model.UserListTest" name="testAddAndReferenceNewUser" time="0.033"/>
  <system-out/>
  <testcase classname="com.model.UserListTest" name="testJsonUserScottExists" time="0.048"/>
  <system-out/>
  <testcase classname="com.model.UserListTest" name="testMinimalUserUsernameStoredCorrectly" time="0.031"/>
  <system-out/>
  <testcase classname="com.model.UserListTest" name="testUserListSingletonInstanceIsNotNull" time="0.046"/>
  <system-out/>
  <testcase classname="com.model.UserListTest" name="testUserListInitializesUserArray" time="0.031"/>
  <system-out/>
  <testcase classname="com.model.UserListTest" name="testGetUserNotFoundThrows" time="0.045"/>
  <system-out/>
  <testcase classname="com.model.UserListTest" name="testMinimalUserFilterSetting" time="0.035"/>
  <system-out/>
  <testcase classname="com.model.UserListTest" name="testConstructorBehaviorViaGetInstance" time="0.037"/>
  <system-out/>
  <testcase classname="com.model.UserListTest" name="testGetUserExactMatch" time="0.040"/>
  <system-out/>
  <testcase classname="com.model.UserListTest" name="testRejectDuplicateScottEmailUpdate" time="0.047"/>
  <system-out/>
  <testcase classname="com.model.UserListTest" name="testAddUserReturnsTrue" time="0.031"/>
  <system-out/>
  <testcase classname="com.model.UserListTest" name="testAddMinimalUserReturnsTrue" time="0.043"/>
  <system-out/>
  <testcase classname="com.model.UserListTest" name="testAddedUserHasCorrectFirstName" time="0.044"/>
  <system-out/>
  <testcase classname="com.model.UserListTest" name="testAddedUserHasCorrectFilterSetting" time="0.033"/>
  <system-out/>
  <testcase classname="com.model.UserListTest" name="testAddedUserHasCorrectSkillLevel" time="0.033"/>
  <system-out/>
  <testcase classname="com.model.UserListTest" name="testUserListSingletonAlwaysSameReference" time="0.036"/>
  <system-out/>
  <testcase classname="com.model.UserListTest" name="testRejectDuplicateScottLastNameUpdate" time="0.032"/>
  <system-out/>
  <testcase classname="com.model.UserListTest" name="testUserListLoadedFromJson" time="0.043"/>
  <system-out/>
  <testcase classname="com.model.UserListTest" name="testScottSkillLevelFromJson" time="0.046"/>
  <system-out/>
  <testcase classname="com.model.UserListTest" name="testGetUserCaseInsensitive" time="0.034"/>
  <system-out/>
  <testcase classname="com.model.UserListTest" name="testJsonUserSusanExists" time="0.037"/>
  <system-out/>
  <testcase classname="com.model.UserListTest" name="testGetUserNullThrows" time="0.039"/>
  <system-out/>
</testsuite> <!-- com.model.UserListTest -->
