<?xml version="1.0" encoding="UTF-8"?>
<!-- Generated by org.testng.reporters.JUnitReportReporter -->
<testsuite hostname="DYLANSLAPTOP" failures="0" tests="2" name="com.model.Data_LoaderTest" time="0.057" errors="0" timestamp="2025-04-02T14:41:37 EDT" skipped="0">
  <testcase classname="com.model.Data_LoaderTest" name="testLoadUsersNotEmpty" time="0.027"/>
  <system-out/>
  <testcase classname="com.model.Data_LoaderTest" name="testFirstUserFields" time="0.030"/>
  <system-out/>
</testsuite> <!-- com.model.Data_LoaderTest -->
