<?xml version="1.0" encoding="UTF-8"?>
<!-- Generated by org.testng.reporters.JUnitReportReporter -->
<testsuite hostname="DYLANSLAPTOP" failures="0" tests="7" name="com.model.QuestionsTest" time="0.110" errors="0" timestamp="2025-04-02T14:52:55 EDT" skipped="0">
  <testcase classname="com.model.QuestionsTest" name="testIsCorrectWithWhitespace" time="0.016"/>
  <system-out/>
  <testcase classname="com.model.QuestionsTest" name="testIsCorrectWithInvalidAnswer" time="0.017"/>
  <system-out/>
  <testcase classname="com.model.QuestionsTest" name="testIsCorrectWithNullAnswer" time="0.015"/>
  <system-out/>
  <testcase classname="com.model.QuestionsTest" name="testIsCorrectWithValidAnswer" time="0.016"/>
  <system-out/>
  <testcase classname="com.model.QuestionsTest" name="testIsCorrectCaseInsensitive" time="0.015"/>
  <system-out/>
  <testcase classname="com.model.QuestionsTest" name="testToStringFormat" time="0.016"/>
  <system-out/>
  <testcase classname="com.model.QuestionsTest" name="testConstructorAndGetters" time="0.015"/>
  <system-out/>
</testsuite> <!-- com.model.QuestionsTest -->
