<?xml version="1.0" encoding="UTF-8"?>
<!-- Generated by org.testng.reporters.JUnitReportReporter -->
<testsuite hostname="LandensHP" failures="0" tests="4" name="com.model.Data_LoaderTest" time="0.228" errors="0" timestamp="2025-04-02T16:20:56 EDT" skipped="0">
  <testcase classname="com.model.Data_LoaderTest" name="testFirstUserFields" time="0.053"/>
  <system-out/>
  <testcase classname="com.model.Data_LoaderTest" name="testLoadSongsNotEmpty" time="0.069"/>
  <system-out/>
  <testcase classname="com.model.Data_LoaderTest" name="testFirstSongFields" time="0.055"/>
  <system-out/>
  <testcase classname="com.model.Data_LoaderTest" name="testLoadUsersNotEmpty" time="0.051"/>
  <system-out/>
</testsuite> <!-- com.model.Data_LoaderTest -->
